# JRE version: Java(TM) SE Runtime Environment (7.0_71-b14) (build 1.7.0_71-b14)
# Java VM: Java HotSpot(TM) 64-Bit Server VM (24.71-b01 mixed mode bsd-amd64 compressed oops)
Heap
 PSYoungGen      total 131584K, used 111539K [0x00000007f5500000, 0x00000007fea80000, 0x0000000800000000)
  eden space 121856K, 83% used [0x00000007f5500000,0x00000007fb8912c8,0x00000007fcc00000)
  from space 9728K, 98% used [0x00000007fe100000,0x00000007fea5bb28,0x00000007fea80000)
  to   space 14336K, 0% used [0x00000007fce80000,0x00000007fce80000,0x00000007fdc80000)
 ParOldGen       total 87040K, used 22694K [0x00000007e0000000, 0x00000007e5500000, 0x00000007f5500000)
  object space 87040K, 26% used [0x00000007e0000000,0x00000007e1629a18,0x00000007e5500000)
 PSPermGen       total 40448K, used 40119K [0x00000007dae00000, 0x00000007dd580000, 0x00000007e0000000)
  object space 40448K, 99% used [0x00000007dae00000,0x00000007dd52de60,0x00000007dd580000)
GC Heap History (10 events):
Event: 4.454 GC heap before
{Heap before GC invocations=4 (full 0):
 PSYoungGen      total 38912K, used 38897K [0x00000007f5500000, 0x00000007fa100000, 0x0000000800000000)
  eden space 33792K, 100% used [0x00000007f5500000,0x00000007f7600000,0x00000007f7600000)
  from space 5120K, 99% used [0x00000007f7600000,0x00000007f7afc4a0,0x00000007f7b00000)
  to   space 5120K, 0% used [0x00000007f9c00000,0x00000007f9c00000,0x00000007fa100000)
 ParOldGen       total 87040K, used 6777K [0x00000007e0000000, 0x00000007e5500000, 0x00000007f5500000)
  object space 87040K, 7% used [0x00000007e0000000,0x00000007e069e510,0x00000007e5500000)
 PSPermGen       total 21504K, used 17531K [0x00000007dae00000, 0x00000007dc300000, 0x00000007e0000000)
  object space 21504K, 81% used [0x00000007dae00000,0x00000007dbf1ed38,0x00000007dc300000)
Event: 4.466 GC heap after
Heap after GC invocations=4 (full 0):
 PSYoungGen      total 72704K, used 5093K [0x00000007f5500000, 0x00000007fa100000, 0x0000000800000000)
  eden space 67584K, 0% used [0x00000007f5500000,0x00000007f5500000,0x00000007f9700000)
  from space 5120K, 99% used [0x00000007f9c00000,0x00000007fa0f9500,0x00000007fa100000)
  to   space 5120K, 0% used [0x00000007f9700000,0x00000007f9700000,0x00000007f9c00000)
 ParOldGen       total 87040K, used 9632K [0x00000007e0000000, 0x00000007e5500000, 0x00000007f5500000)
  object space 87040K, 11% used [0x00000007e0000000,0x00000007e09680f0,0x00000007e5500000)
 PSPermGen       total 21504K, used 17531K [0x00000007dae00000, 0x00000007dc300000, 0x00000007e0000000)
  object space 21504K, 81% used [0x00000007dae00000,0x00000007dbf1ed38,0x00000007dc300000)
}
Event: 5.875 GC heap before
{Heap before GC invocations=5 (full 0):
 PSYoungGen      total 72704K, used 72677K [0x00000007f5500000, 0x00000007fa100000, 0x0000000800000000)
  eden space 67584K, 100% used [0x00000007f5500000,0x00000007f9700000,0x00000007f9700000)
  from space 5120K, 99% used [0x00000007f9c00000,0x00000007fa0f9500,0x00000007fa100000)
  to   space 5120K, 0% used [0x00000007f9700000,0x00000007f9700000,0x00000007f9c00000)
 ParOldGen       total 87040K, used 9632K [0x00000007e0000000, 0x00000007e5500000, 0x00000007f5500000)
  object space 87040K, 11% used [0x00000007e0000000,0x00000007e09680f0,0x00000007e5500000)
 PSPermGen       total 23040K, used 22836K [0x00000007dae00000, 0x00000007dc480000, 0x00000007e0000000)
  object space 23040K, 99% used [0x00000007dae00000,0x00000007dc44d348,0x00000007dc480000)
Event: 5.892 GC heap after
Heap after GC invocations=5 (full 0):
 PSYoungGen      total 72704K, used 5089K [0x00000007f5500000, 0x00000007fee00000, 0x0000000800000000)
  eden space 67584K, 0% used [0x00000007f5500000,0x00000007f5500000,0x00000007f9700000)
  from space 5120K, 99% used [0x00000007f9700000,0x00000007f9bf84c0,0x00000007f9c00000)
  to   space 10752K, 0% used [0x00000007fe380000,0x00000007fe380000,0x00000007fee00000)
 ParOldGen       total 87040K, used 14171K [0x00000007e0000000, 0x00000007e5500000, 0x00000007f5500000)
  object space 87040K, 16% used [0x00000007e0000000,0x00000007e0dd6f08,0x00000007e5500000)
 PSPermGen       total 23040K, used 22836K [0x00000007dae00000, 0x00000007dc480000, 0x00000007e0000000)
  object space 23040K, 99% used [0x00000007dae00000,0x00000007dc44d348,0x00000007dc480000)
}
Event: 72.028 GC heap before
{Heap before GC invocations=6 (full 0):
 PSYoungGen      total 72704K, used 72673K [0x00000007f5500000, 0x00000007fee00000, 0x0000000800000000)
  eden space 67584K, 100% used [0x00000007f5500000,0x00000007f9700000,0x00000007f9700000)
  from space 5120K, 99% used [0x00000007f9700000,0x00000007f9bf84c0,0x00000007f9c00000)
  to   space 10752K, 0% used [0x00000007fe380000,0x00000007fe380000,0x00000007fee00000)
 ParOldGen       total 87040K, used 14171K [0x00000007e0000000, 0x00000007e5500000, 0x00000007f5500000)
  object space 87040K, 16% used [0x00000007e0000000,0x00000007e0dd6f08,0x00000007e5500000)
 PSPermGen       total 29696K, used 29484K [0x00000007dae00000, 0x00000007dcb00000, 0x00000007e0000000)
  object space 29696K, 99% used [0x00000007dae00000,0x00000007dcacb1d0,0x00000007dcb00000)
Event: 72.046 GC heap after
Heap after GC invocations=6 (full 0):
 PSYoungGen      total 142336K, used 10731K [0x00000007f5500000, 0x00000007ff500000, 0x0000000800000000)
  eden space 131584K, 0% used [0x00000007f5500000,0x00000007f5500000,0x00000007fd580000)
  from space 10752K, 99% used [0x00000007fe380000,0x00000007fedfaed8,0x00000007fee00000)
  to   space 14336K, 0% used [0x00000007fd580000,0x00000007fd580000,0x00000007fe380000)
 ParOldGen       total 87040K, used 18436K [0x00000007e0000000, 0x00000007e5500000, 0x00000007f5500000)
  object space 87040K, 21% used [0x00000007e0000000,0x00000007e12012e0,0x00000007e5500000)
 PSPermGen       total 29696K, used 29484K [0x00000007dae00000, 0x00000007dcb00000, 0x00000007e0000000)
  object space 29696K, 99% used [0x00000007dae00000,0x00000007dcacb1d0,0x00000007dcb00000)
}
Event: 78.363 GC heap before
{Heap before GC invocations=7 (full 0):
 PSYoungGen      total 142336K, used 142315K [0x00000007f5500000, 0x00000007ff500000, 0x0000000800000000)
  eden space 131584K, 100% used [0x00000007f5500000,0x00000007fd580000,0x00000007fd580000)
  from space 10752K, 99% used [0x00000007fe380000,0x00000007fedfaed8,0x00000007fee00000)
  to   space 14336K, 0% used [0x00000007fd580000,0x00000007fd580000,0x00000007fe380000)
 ParOldGen       total 87040K, used 18436K [0x00000007e0000000, 0x00000007e5500000, 0x00000007f5500000)
  object space 87040K, 21% used [0x00000007e0000000,0x00000007e12012e0,0x00000007e5500000)
 PSPermGen       total 33792K, used 33331K [0x00000007dae00000, 0x00000007dcf00000, 0x00000007e0000000)
  object space 33792K, 98% used [0x00000007dae00000,0x00000007dce8ccc8,0x00000007dcf00000)
Event: 78.380 GC heap after
Heap after GC invocations=7 (full 0):
 PSYoungGen      total 138240K, used 11346K [0x00000007f5500000, 0x00000007fed80000, 0x0000000800000000)
  eden space 126464K, 0% used [0x00000007f5500000,0x00000007f5500000,0x00000007fd080000)
  from space 11776K, 96% used [0x00000007fd580000,0x00000007fe094938,0x00000007fe100000)
  to   space 12800K, 0% used [0x00000007fe100000,0x00000007fe100000,0x00000007fed80000)
 ParOldGen       total 87040K, used 21518K [0x00000007e0000000, 0x00000007e5500000, 0x00000007f5500000)
  object space 87040K, 24% used [0x00000007e0000000,0x00000007e15039e8,0x00000007e5500000)
 PSPermGen       total 33792K, used 33331K [0x00000007dae00000, 0x00000007dcf00000, 0x00000007e0000000)
  object space 33792K, 98% used [0x00000007dae00000,0x00000007dce8ccc8,0x00000007dcf00000)
}
Event: 179.407 GC heap before
{Heap before GC invocations=8 (full 0):
 PSYoungGen      total 138240K, used 137810K [0x00000007f5500000, 0x00000007fed80000, 0x0000000800000000)
  eden space 126464K, 100% used [0x00000007f5500000,0x00000007fd080000,0x00000007fd080000)
  from space 11776K, 96% used [0x00000007fd580000,0x00000007fe094938,0x00000007fe100000)
  to   space 12800K, 0% used [0x00000007fe100000,0x00000007fe100000,0x00000007fed80000)
 ParOldGen       total 87040K, used 21518K [0x00000007e0000000, 0x00000007e5500000, 0x00000007f5500000)
  object space 87040K, 24% used [0x00000007e0000000,0x00000007e15039e8,0x00000007e5500000)
 PSPermGen       total 36864K, used 36357K [0x00000007dae00000, 0x00000007dd200000, 0x00000007e0000000)
  object space 36864K, 98% used [0x00000007dae00000,0x00000007dd1815f0,0x00000007dd200000)
Event: 179.419 GC heap after
Heap after GC invocations=8 (full 0):
 PSYoungGen      total 131584K, used 9582K [0x00000007f5500000, 0x00000007fea80000, 0x0000000800000000)
  eden space 121856K, 0% used [0x00000007f5500000,0x00000007f5500000,0x00000007fcc00000)
  from space 9728K, 98% used [0x00000007fe100000,0x00000007fea5bb28,0x00000007fea80000)
  to   space 14336K, 0% used [0x00000007fce80000,0x00000007fce80000,0x00000007fdc80000)
 ParOldGen       total 87040K, used 22694K [0x00000007e0000000, 0x00000007e5500000, 0x00000007f5500000)
  object space 87040K, 26% used [0x00000007e0000000,0x00000007e1629a18,0x00000007e5500000)
 PSPermGen       total 36864K, used 36357K [0x00000007dae00000, 0x00000007dd200000, 0x00000007e0000000)
  object space 36864K, 98% used [0x00000007dae00000,0x00000007dd1815f0,0x00000007dd200000)
}

